
================================================================================
                              Slurm Job Statistics                              
================================================================================
         Job ID: 24924815
   User/Account: nicolasal97/agfritz
       Job Name: preprocessing_annotator
          State: COMPLETED
          Nodes: 1
      CPU Cores: 2
     CPU Memory: 4GB (2GB per CPU-core)
           GPUs: 1
  QOS/Partition: standard/scavenger
        Cluster: curta
     Start Time: Thu Feb 26, 2026 at 4:59 PM
       Run Time: 01:00:13
     Time Limit: 02:00:00

                              Overall Utilization                               
================================================================================
  CPU utilization  [|||||||||||||                                  27%]
  CPU memory usage [|||||||||||||||||||||||||||||||||||||||||||    86%]
  GPU utilization  [||||||||||||||||||||||||||                     52%]
  GPU memory usage [|||||||||||||||||||||||||||||||||||||||||||||| 92%]

                              Detailed Utilization                              
================================================================================
  CPU utilization per node (CPU time used/run time)
      g016.curta.zedat.fu-berlin.de: 00:33:17/02:00:26 (efficiency=27.6%)

  CPU memory usage per node - used/allocated
      g016.curta.zedat.fu-berlin.de: 3.5GB/4GB (1.7GB/2GB per core of 2)

  GPU utilization per node
      g016.curta.zedat.fu-berlin.de (GPU 0): 51.5%

  GPU memory usage per node - maximum used/total
      g016.curta.zedat.fu-berlin.de (GPU 0): 73.6GB/79.6GB (92.4%)

                                     Notes                                      
================================================================================
  * This job only needed 50% of the requested time which was 02:00:00. For
    future jobs, please request less time by modifying the --time Slurm
    directive. This will lower your queue times and allow the Slurm job
    scheduler to work more effectively for all users. For more info:
      https://www.fu-berlin.de/en/sites/high-performance-computing/Dokumentation/Ressourcen-Manager/Zeitlimit

  * Have a nice day!


