
================================================================================
                              Slurm Job Statistics                              
================================================================================
         Job ID: 24930161
   User/Account: nicolasal97/agfritz
       Job Name: preprocessing_annotator
          State: COMPLETED
          Nodes: 1
      CPU Cores: 2
     CPU Memory: 10GB (5GB per CPU-core)
           GPUs: 1
  QOS/Partition: standard/scavenger
        Cluster: curta
     Start Time: Sat Feb 28, 2026 at 4:39 PM
       Run Time: 01:34:21
     Time Limit: 02:00:00

                              Overall Utilization                               
================================================================================
  CPU utilization  [||||                                            9%]
  CPU memory usage [||||||||||||||||||                             37%]
  GPU utilization  [|||||||||                                      19%]
  GPU memory usage [|||||||||||||||||||||||||||||||||||||||||||||||95%]

                              Detailed Utilization                              
================================================================================
  CPU utilization per node (CPU time used/run time)
      g016.curta.zedat.fu-berlin.de: 00:18:44/03:08:42 (efficiency=9.9%)

  CPU memory usage per node - used/allocated
      g016.curta.zedat.fu-berlin.de: 3.7GB/10GB (1.9GB/5GB per core of 2)

  GPU utilization per node
      g016.curta.zedat.fu-berlin.de (GPU 0): 19.0%

  GPU memory usage per node - maximum used/total
      g016.curta.zedat.fu-berlin.de (GPU 0): 75.8GB/79.6GB (95.2%)

                                     Notes                                      
================================================================================
  * The overall GPU utilization of this job is 19%. This value is somewhat
    low. For more info:
      https://www.fu-berlin.de/en/sites/high-performance-computing/Dokumentation/Ressourcen-Manager/GPUs

  * This job only used 37% of the 10GB of total allocated CPU memory. For
    future jobs, please allocate less memory by using a Slurm directive such
    as --mem-per-cpu=3G or --mem=5G. This will reduce your queue times and
    make the resources available to other users. For more info:
      https://www.fu-berlin.de/en/sites/high-performance-computing/Dokumentation/Ressourcen-Manager/Hauptspeicher/

  * Have a nice day!


