
================================================================================
                              Slurm Job Statistics                              
================================================================================
         Job ID: 24944020
   User/Account: nicolasal97/agfritz
       Job Name: characterize_models
          State: COMPLETED
          Nodes: 1
      CPU Cores: 3
     CPU Memory: 6GB (2GB per CPU-core)
           GPUs: 1
  QOS/Partition: prio/scavenger
        Cluster: curta
     Start Time: Tue Mar 3, 2026 at 7:15 PM
       Run Time: 00:06:11
     Time Limit: 01:00:00

                              Overall Utilization                               
================================================================================
  CPU utilization  [||||||||||||||                                 28%]
  CPU memory usage [|||||||||||||                                  26%]
  GPU utilization  [|||||||||||||||||||||||||||||||||||            71%]
  GPU memory usage [|||||||||||||||||||||||||||||||||||||||        78%]

                              Detailed Utilization                              
================================================================================
  CPU utilization per node (CPU time used/run time)
      g016.curta.zedat.fu-berlin.de: 00:05:21/00:18:33 (efficiency=28.9%)

  CPU memory usage per node - used/allocated
      g016.curta.zedat.fu-berlin.de: 1.6GB/6GB (534.5MB/2GB per core of 3)

  GPU utilization per node
      g016.curta.zedat.fu-berlin.de (GPU 0): 70.8%

  GPU memory usage per node - maximum used/total
      g016.curta.zedat.fu-berlin.de (GPU 0): 62.2GB/79.6GB (78.1%)

                                     Notes                                      
================================================================================
  * This job only used 26% of the 6GB of total allocated CPU memory. For
    future jobs, please allocate less memory by using a Slurm directive such
    as --mem-per-cpu=1G or --mem=2G. This will reduce your queue times and
    make the resources available to other users. For more info:
      https://www.fu-berlin.de/en/sites/high-performance-computing/Dokumentation/Ressourcen-Manager/Hauptspeicher/

  * Have a nice day!


