
================================================================================
                              Slurm Job Statistics                              
================================================================================
         Job ID: 25079332
   User/Account: nicolasal97/agfritz
       Job Name: finetune_and_eval_models
          State: COMPLETED
          Nodes: 1
      CPU Cores: 3
     CPU Memory: 15GB (5GB per CPU-core)
           GPUs: 1
  QOS/Partition: prio/scavenger
        Cluster: curta
     Start Time: Wed Mar 25, 2026 at 4:52 PM
       Run Time: 19:54:08
     Time Limit: 1-00:00:00

                              Overall Utilization                               
================================================================================
  CPU utilization  [|||||||                                        14%]
  CPU memory usage [|||||||||||                                    23%]
  GPU utilization  [||||||||||                                     21%]
  GPU memory usage [||||||||||                                     20%]

                              Detailed Utilization                              
================================================================================
  CPU utilization per node (CPU time used/run time)
      g016.curta.zedat.fu-berlin.de: 08:49:14/2-11:42:24 (efficiency=14.8%)

  CPU memory usage per node - used/allocated
      g016.curta.zedat.fu-berlin.de: 3.5GB/15GB (1.2GB/5GB per core of 3)

  GPU utilization per node
      g016.curta.zedat.fu-berlin.de (GPU 2): 21.4%

  GPU memory usage per node - maximum used/total
      g016.curta.zedat.fu-berlin.de (GPU 2): 15.9GB/79.6GB (20.0%)

                                     Notes                                      
================================================================================
  * The overall GPU utilization of this job is 21%. This value is somewhat
    low. For more info:
      https://www.fu-berlin.de/en/sites/high-performance-computing/Dokumentation/Ressourcen-Manager/GPUs

  * This job only used 23% of the 15GB of total allocated CPU memory. For
    future jobs, please allocate less memory by using a Slurm directive such
    as --mem-per-cpu=2G or --mem=5G. This will reduce your queue times and
    make the resources available to other users. For more info:
      https://www.fu-berlin.de/en/sites/high-performance-computing/Dokumentation/Ressourcen-Manager/Hauptspeicher/

  * Have a nice day!


