Loading modules...
Setting folders...
Activating virtual environment...
Running python script...
[2026-02-20 14:36:46] INFO utils_preprocessing.py:40: Loading input from: data/preprocessing/informal_economy.csv
Traceback (most recent call last):
  File "/home/nicolasal97/im_project/src/preprocessing/paragrapher.py", line 236, in <module>
    main()
    ~~~~^^
  File "/home/nicolasal97/im_project/src/preprocessing/paragrapher.py", line 192, in main
    df = load_input(args.input)
  File "/home/nicolasal97/im_project/src/preprocessing/utils_preprocessing.py", line 41, in load_input
    df = pd.read_csv(path)
  File "/home/nicolasal97/im_project/venv/preprocessing/lib/python3.13/site-packages/pandas/io/parsers/readers.py", line 873, in read_csv
    return _read(filepath_or_buffer, kwds)
  File "/home/nicolasal97/im_project/venv/preprocessing/lib/python3.13/site-packages/pandas/io/parsers/readers.py", line 306, in _read
    return parser.read(nrows)
           ~~~~~~~~~~~^^^^^^^
  File "/home/nicolasal97/im_project/venv/preprocessing/lib/python3.13/site-packages/pandas/io/parsers/readers.py", line 1947, in read
    ) = self._engine.read(  # type: ignore[attr-defined]
        ~~~~~~~~~~~~~~~~~^^^^^^^^^^^^^^^^^^^^^^^^^^^^^^^
        nrows
        ^^^^^
    )
    ^
  File "/home/nicolasal97/im_project/venv/preprocessing/lib/python3.13/site-packages/pandas/io/parsers/c_parser_wrapper.py", line 215, in read
    chunks = self._reader.read_low_memory(nrows)
  File "pandas/_libs/parsers.pyx", line 832, in pandas._libs.parsers.TextReader.read_low_memory
  File "pandas/_libs/parsers.pyx", line 897, in pandas._libs.parsers.TextReader._read_rows
  File "pandas/_libs/parsers.pyx", line 868, in pandas._libs.parsers.TextReader._tokenize_rows
  File "pandas/_libs/parsers.pyx", line 885, in pandas._libs.parsers.TextReader._check_tokenize_status
  File "pandas/_libs/parsers.pyx", line 2084, in pandas._libs.parsers.raise_parser_error
pandas.errors.ParserError: Error tokenizing data. C error: Expected 27 fields in line 5, saw 29

Script finished
