
================================================================================
                              Slurm Job Statistics                              
================================================================================
         Job ID: 24933566
   User/Account: nicolasal97/agfritz
       Job Name: mlm_pretrain_models
          State: COMPLETED
          Nodes: 1
      CPU Cores: 2
     CPU Memory: 6GB (3GB per CPU-core)
           GPUs: 1
  QOS/Partition: prio/scavenger
        Cluster: curta
     Start Time: Sun Mar 1, 2026 at 10:28 PM
       Run Time: 04:32:08
     Time Limit: 12:00:00

                              Overall Utilization                               
================================================================================
  CPU utilization  [|||||||                                        14%]
  CPU memory usage [|||||||||||||||||||||||||||                    54%]
  GPU utilization  [|||||||||                                      19%]
  GPU memory usage [||||||||||||||||||||||||||||||||||||||||||||   88%]

                              Detailed Utilization                              
================================================================================
  CPU utilization per node (CPU time used/run time)
      g016.curta.zedat.fu-berlin.de: 01:16:10/09:04:16 (efficiency=14.0%)

  CPU memory usage per node - used/allocated
      g016.curta.zedat.fu-berlin.de: 3.2GB/6GB (1.6GB/3GB per core of 2)

  GPU utilization per node
      g016.curta.zedat.fu-berlin.de (GPU 1): 19.1%

  GPU memory usage per node - maximum used/total
      g016.curta.zedat.fu-berlin.de (GPU 1): 70.1GB/79.6GB (88.0%)

                                     Notes                                      
================================================================================
  * This job only needed 38% of the requested time, which was 12:00:00. For
    future jobs, please request less time by modifying the --time Slurm
    directive. This will lower your queue times and allow the Slurm job
    scheduler to work more effectively for all users. For more info:
      https://www.fu-berlin.de/en/sites/high-performance-computing/Dokumentation/Ressourcen-Manager/Zeitlimit

  * The overall GPU utilization of this job is 19%. This value is somewhat
    low. For more info:
      https://www.fu-berlin.de/en/sites/high-performance-computing/Dokumentation/Ressourcen-Manager/GPUs

  * This job only used 54% of the 6GB of total allocated CPU memory. For
    future jobs, please allocate less memory by using a Slurm directive such
    as --mem-per-cpu=2G or --mem=4G. This will reduce your queue times and
    make the resources available to other users. For more info:
      https://www.fu-berlin.de/en/sites/high-performance-computing/Dokumentation/Ressourcen-Manager/Hauptspeicher/

  * Have a nice day!


