
================================================================================
                              Slurm Job Statistics                              
================================================================================
         Job ID: 24931493
   User/Account: nicolasal97/agfritz
       Job Name: mlm_pretrain_models
          State: COMPLETED
          Nodes: 1
      CPU Cores: 2
     CPU Memory: 14GB (7GB per CPU-core)
           GPUs: 1
  QOS/Partition: prio/scavenger
        Cluster: curta
     Start Time: Sun Mar 1, 2026 at 5:35 PM
       Run Time: 03:45:27
     Time Limit: 12:00:00

                              Overall Utilization                               
================================================================================
  CPU utilization  [||||||||                                       17%]
  CPU memory usage [|||||||                                        14%]
  GPU utilization  [|||||||||||||                                  26%]
  GPU memory usage [||||||||||||||||||||||||                       49%]

                              Detailed Utilization                              
================================================================================
  CPU utilization per node (CPU time used/run time)
      g016.curta.zedat.fu-berlin.de: 01:20:33/07:30:54 (efficiency=17.9%)

  CPU memory usage per node - used/allocated
      g016.curta.zedat.fu-berlin.de: 1.9GB/14GB (995.9MB/7GB per core of 2)

  GPU utilization per node
      g016.curta.zedat.fu-berlin.de (GPU 0): 25.7%

  GPU memory usage per node - maximum used/total
      g016.curta.zedat.fu-berlin.de (GPU 0): 38.9GB/79.6GB (48.9%)

                                     Notes                                      
================================================================================
  * This job only needed 31% of the requested time, which was 12:00:00. For
    future jobs, please request less time by modifying the --time Slurm
    directive. This will lower your queue times and allow the Slurm job
    scheduler to work more effectively for all users. For more info:
      https://www.fu-berlin.de/en/sites/high-performance-computing/Dokumentation/Ressourcen-Manager/Zeitlimit

  * This job only used 14% of the 14GB of total allocated CPU memory. For
    future jobs, please allocate less memory by using a Slurm directive such
    as --mem-per-cpu=2G or --mem=3G. This will reduce your queue times and
    make the resources available to other users. For more info:
      https://www.fu-berlin.de/en/sites/high-performance-computing/Dokumentation/Ressourcen-Manager/Hauptspeicher/

  * Have a nice day!


