
================================================================================
                              Slurm Job Statistics                              
================================================================================
         Job ID: 24923540
   User/Account: nicolasal97/agfritz
       Job Name: preprocessing_paragrapher
          State: COMPLETED
          Nodes: 1
      CPU Cores: 2
     CPU Memory: 6GB (3GB per CPU-core)
           GPUs: 1
  QOS/Partition: standard/scavenger
        Cluster: curta
     Start Time: Thu Feb 26, 2026 at 11:56 AM
       Run Time: 04:15:02
     Time Limit: 10:00:00

                              Overall Utilization                               
================================================================================
  CPU utilization  [|||||||||||||||||||||||||||||                  59%]
  CPU memory usage [||||||||||||||||||||||||||||||                 60%]
  GPU utilization  [|||||||||||||||||||||||||||||||                63%]
  GPU memory usage [|||||||||||||||||||||||||||||||||||||||||||||| 92%]

                              Detailed Utilization                              
================================================================================
  CPU utilization per node (CPU time used/run time)
      g016.curta.zedat.fu-berlin.de: 05:02:00/08:30:04 (efficiency=59.2%)

  CPU memory usage per node - used/allocated
      g016.curta.zedat.fu-berlin.de: 3.6GB/6GB (1.8GB/3GB per core of 2)

  GPU utilization per node
      g016.curta.zedat.fu-berlin.de (GPU 0): 62.6%

  GPU memory usage per node - maximum used/total
      g016.curta.zedat.fu-berlin.de (GPU 0): 73.6GB/79.6GB (92.4%)

                                     Notes                                      
================================================================================
  * This job only needed 43% of the requested time which was 10:00:00. For
    future jobs, please request less time by modifying the --time Slurm
    directive. This will lower your queue times and allow the Slurm job
    scheduler to work more effectively for all users. For more info:
      https://www.fu-berlin.de/en/sites/high-performance-computing/Dokumentation/Ressourcen-Manager/Zeitlimit

  * This job only used 60% of the 6GB of total allocated CPU memory. For
    future jobs, please allocate less memory by using a Slurm directive such
    as --mem-per-cpu=3G or --mem=5G. This will reduce your queue times and
    make the resources available to other users. For more info:
      https://www.fu-berlin.de/en/sites/high-performance-computing/Dokumentation/Ressourcen-Manager/Hauptspeicher/

  * Have a nice day!


