Fetching 12 files:   0%|          | 0/12 [00:00<?, ?it/s]Downloading 'model-00002-of-00003.safetensors' to '/scratch/nicolasal97/.cache/huggingface/hub/models--unsloth--Magistral-Small-2506-unsloth-bnb-4bit/blobs/24d951c3630d2fa870550fecbeb8083a264473aaf390ad04024ff0fb1be97723.incomplete'
Downloading 'model-00003-of-00003.safetensors' to '/scratch/nicolasal97/.cache/huggingface/hub/models--unsloth--Magistral-Small-2506-unsloth-bnb-4bit/blobs/6dbee132e012e9e6f332b3f97ea8b5aaa15c1e23390623ff72c49efe4af2af47.incomplete'
Downloading 'model-00001-of-00003.safetensors' to '/scratch/nicolasal97/.cache/huggingface/hub/models--unsloth--Magistral-Small-2506-unsloth-bnb-4bit/blobs/2b4e0f8e5c40a1c3913b585ec76682dc784e1befc5472312e574a24a61845610.incomplete'
Downloading 'README.md' to '/scratch/nicolasal97/.cache/huggingface/hub/models--unsloth--Magistral-Small-2506-unsloth-bnb-4bit/blobs/abcb2683648f65c5d532d964e0e1aecc9fa4477f.incomplete'
Downloading 'chat_template.jinja' to '/scratch/nicolasal97/.cache/huggingface/hub/models--unsloth--Magistral-Small-2506-unsloth-bnb-4bit/blobs/58712a06614830dae618642d16b40f503af98e2c.incomplete'
Downloading 'generation_config.json' to '/scratch/nicolasal97/.cache/huggingface/hub/models--unsloth--Magistral-Small-2506-unsloth-bnb-4bit/blobs/cac96e5a6ef552262ca008bc41ae4c81067a77e5.incomplete'
Downloading 'config.json' to '/scratch/nicolasal97/.cache/huggingface/hub/models--unsloth--Magistral-Small-2506-unsloth-bnb-4bit/blobs/5b7a065a69e70e1fd98bb24156ed3ccd11b7ed9e.incomplete'
Downloading '.gitattributes' to '/scratch/nicolasal97/.cache/huggingface/hub/models--unsloth--Magistral-Small-2506-unsloth-bnb-4bit/blobs/52373fe24473b1aa44333d318f578ae6bf04b49b.incomplete'
Download complete. Moving file to /scratch/nicolasal97/.cache/huggingface/hub/models--unsloth--Magistral-Small-2506-unsloth-bnb-4bit/blobs/abcb2683648f65c5d532d964e0e1aecc9fa4477f
Download complete. Moving file to /scratch/nicolasal97/.cache/huggingface/hub/models--unsloth--Magistral-Small-2506-unsloth-bnb-4bit/blobs/58712a06614830dae618642d16b40f503af98e2c
Download complete. Moving file to /scratch/nicolasal97/.cache/huggingface/hub/models--unsloth--Magistral-Small-2506-unsloth-bnb-4bit/blobs/5b7a065a69e70e1fd98bb24156ed3ccd11b7ed9e
Download complete. Moving file to /scratch/nicolasal97/.cache/huggingface/hub/models--unsloth--Magistral-Small-2506-unsloth-bnb-4bit/blobs/52373fe24473b1aa44333d318f578ae6bf04b49b
Fetching 12 files:   8%|▊         | 1/12 [00:00<00:08,  1.37it/s]Downloading 'special_tokens_map.json' to '/scratch/nicolasal97/.cache/huggingface/hub/models--unsloth--Magistral-Small-2506-unsloth-bnb-4bit/blobs/85ee48c59283474406aaff78fa9e75b2c474a216.incomplete'
Downloading 'tokenizer_config.json' to '/scratch/nicolasal97/.cache/huggingface/hub/models--unsloth--Magistral-Small-2506-unsloth-bnb-4bit/blobs/0f9766224dee86f6ce5c8af8f4227bc491da6593.incomplete'
Downloading 'model.safetensors.index.json' to '/scratch/nicolasal97/.cache/huggingface/hub/models--unsloth--Magistral-Small-2506-unsloth-bnb-4bit/blobs/2e733df2088cc7903484a0e40ca67d3471458e7f.incomplete'
Downloading 'tokenizer.json' to '/scratch/nicolasal97/.cache/huggingface/hub/models--unsloth--Magistral-Small-2506-unsloth-bnb-4bit/blobs/23ad081f384b2bdb3c97f6e5461dfce52c1174c7328854a55006988f0fef9da7.incomplete'
Download complete. Moving file to /scratch/nicolasal97/.cache/huggingface/hub/models--unsloth--Magistral-Small-2506-unsloth-bnb-4bit/blobs/85ee48c59283474406aaff78fa9e75b2c474a216
Download complete. Moving file to /scratch/nicolasal97/.cache/huggingface/hub/models--unsloth--Magistral-Small-2506-unsloth-bnb-4bit/blobs/0f9766224dee86f6ce5c8af8f4227bc491da6593
Download complete. Moving file to /scratch/nicolasal97/.cache/huggingface/hub/models--unsloth--Magistral-Small-2506-unsloth-bnb-4bit/blobs/2e733df2088cc7903484a0e40ca67d3471458e7f
Download complete. Moving file to /scratch/nicolasal97/.cache/huggingface/hub/models--unsloth--Magistral-Small-2506-unsloth-bnb-4bit/blobs/23ad081f384b2bdb3c97f6e5461dfce52c1174c7328854a55006988f0fef9da7
Download complete. Moving file to /scratch/nicolasal97/.cache/huggingface/hub/models--unsloth--Magistral-Small-2506-unsloth-bnb-4bit/blobs/cac96e5a6ef552262ca008bc41ae4c81067a77e5
Fetching 12 files:  42%|████▏     | 5/12 [02:04<03:05, 26.44s/it]Download complete. Moving file to /scratch/nicolasal97/.cache/huggingface/hub/models--unsloth--Magistral-Small-2506-unsloth-bnb-4bit/blobs/2b4e0f8e5c40a1c3913b585ec76682dc784e1befc5472312e574a24a61845610
Fetching 12 files:  50%|█████     | 6/12 [08:04<10:25, 104.21s/it]Download complete. Moving file to /scratch/nicolasal97/.cache/huggingface/hub/models--unsloth--Magistral-Small-2506-unsloth-bnb-4bit/blobs/6dbee132e012e9e6f332b3f97ea8b5aaa15c1e23390623ff72c49efe4af2af47
Download complete. Moving file to /scratch/nicolasal97/.cache/huggingface/hub/models--unsloth--Magistral-Small-2506-unsloth-bnb-4bit/blobs/24d951c3630d2fa870550fecbeb8083a264473aaf390ad04024ff0fb1be97723
Fetching 12 files:  58%|█████▊    | 7/12 [14:32<14:35, 175.00s/it]Fetching 12 files: 100%|██████████| 12/12 [14:32<00:00, 72.68s/it]
/scratch/nicolasal97/.cache/huggingface/hub/models--unsloth--Magistral-Small-2506-unsloth-bnb-4bit/snapshots/f0e35b5923c220748c996c385904330b9f74337b
